id->(15, 0)
=->(-1, -1)
const->(2, 0)
-->(-1, -1)
const->(7, 0)
begin->(-1, -1)
{->(-1, -1)
number->(-1, -1)
id->(15, 0)
;->(-1, -1)
number->(-1, -1)
id->(16, 0)
;->(-1, -1)
number->(-1, -1)
id->(0, 0)
;->(-1, -1)
id->(15, 0)
=->(-1, -1)
const->(0, 1)
;->(-1, -1)
id->(15, 0)
=->(-1, -1)
const->(4, 0)
;->(-1, -1)
id->(15, 0)
=->(-1, -1)
const->(14, 0)
;->(-1, -1)
id->(15, 0)
=->(-1, -1)
const->(11, 0)
;->(-1, -1)
number->(-1, -1)
id->(12, 0)
;->(-1, -1)
read->(-1, -1)
(->(-1, -1)
id->(15, 0)
)->(-1, -1)
;->(-1, -1)
read->(-1, -1)
(->(-1, -1)
id->(16, 0)
)->(-1, -1)
;->(-1, -1)
read->(-1, -1)
(->(-1, -1)
id->(0, 0)
)->(-1, -1)
if->(-1, -1)
(->(-1, -1)
id->(15, 0)
>->(-1, -1)
id->(16, 0)
)->(-1, -1)
{->(-1, -1)
if->(-1, -1)
(->(-1, -1)
id->(15, 0)
>->(-1, -1)
id->(0, 0)
)->(-1, -1)
{->(-1, -1)
id->(12, 0)
=->(-1, -1)
id->(15, 0)
;->(-1, -1)
}->(-1, -1)
}->(-1, -1)
else->(-1, -1)
{->(-1, -1)
if->(-1, -1)
(->(-1, -1)
id->(16, 0)
>->(-1, -1)
id->(15, 0)
)->(-1, -1)
{->(-1, -1)
if->(-1, -1)
(->(-1, -1)
id->(16, 0)
>->(-1, -1)
id->(0, 0)
)->(-1, -1)
{->(-1, -1)
id->(12, 0)
=->(-1, -1)
id->(16, 0)
;->(-1, -1)
}->(-1, -1)
}->(-1, -1)
}->(-1, -1)
else->(-1, -1)
{->(-1, -1)
if->(-1, -1)
(->(-1, -1)
id->(0, 0)
>->(-1, -1)
id->(15, 0)
)->(-1, -1)
{->(-1, -1)
if->(-1, -1)
(->(-1, -1)
id->(0, 0)
>->(-1, -1)
id->(16, 0)
)->(-1, -1)
{->(-1, -1)
id->(12, 0)
=->(-1, -1)
id->(0, 0)
;->(-1, -1)
}->(-1, -1)
}->(-1, -1)
}->(-1, -1)
write->(-1, -1)
(->(-1, -1)
id->(12, 0)
)->(-1, -1)
;->(-1, -1)
}->(-1, -1)
